2020-11-30 12:38:30.320+0000 INFO  {plugin-com.neo4j.plugin.jwt.auth.JwtAuthPlugin} jwt.auth.private_key=certificates/security.key.pem
2020-11-30 12:38:51.813+0000 INFO  Initializing system graph model for component 'security-users' with version -1 and status UNINITIALIZED
2020-11-30 12:38:51.855+0000 INFO  Setting up initial user from `auth.ini` file: neo4j
2020-11-30 12:38:51.856+0000 INFO  Creating new user 'neo4j' (passwordChangeRequired=false, suspended=false)
2020-11-30 12:38:51.955+0000 INFO  Setting version for 'security-users' to 2
2020-11-30 12:38:52.006+0000 INFO  After initialization of system graph model component 'security-users' have version 2 and status CURRENT
2020-11-30 12:38:52.048+0000 INFO  Performing postInitialization step for component 'security-users' with version 2 and status CURRENT
2020-11-30 12:38:52.524+0000 INFO  Initializing system graph model for component 'security-privileges' with version -1 and status UNINITIALIZED
2020-11-30 12:38:52.528+0000 INFO  Initializing security model with 6 roles
2020-11-30 12:38:53.041+0000 INFO  Setting version for 'security-privileges' to 4
2020-11-30 12:38:53.141+0000 INFO  Assigned admin role to user 'neo4j'.
2020-11-30 12:38:53.147+0000 INFO  After initialization of system graph model component 'security-privileges' have version 4 and status CURRENT
2020-11-30 12:39:02.290+0000 INFO  {plugin-com.neo4j.plugin.jwt.auth.JwtAuthPlugin} Log in attempted for user 'neo4j'.
2020-11-30 12:39:02.306+0000 ERROR {plugin-com.neo4j.plugin.jwt.auth.JwtAuthPlugin} Invalid serialized unsecured/JWS/JWE object: Missing part delimiters
2020-11-30 12:39:02.306+0000 INFO  [neo4j]: logged in
2020-11-30 12:39:02.878+0000 INFO  {plugin-com.neo4j.plugin.jwt.auth.JwtAuthPlugin} Log in attempted for user 'neo4j'.
2020-11-30 12:39:02.878+0000 ERROR {plugin-com.neo4j.plugin.jwt.auth.JwtAuthPlugin} Invalid serialized unsecured/JWS/JWE object: Missing part delimiters
2020-11-30 12:39:02.878+0000 INFO  [neo4j]: logged in
2020-11-30 12:40:28.963+0000 INFO  {plugin-com.neo4j.plugin.jwt.auth.JwtAuthPlugin} Log in attempted for user 'neo4j'.
2020-11-30 12:40:28.963+0000 ERROR {plugin-com.neo4j.plugin.jwt.auth.JwtAuthPlugin} Invalid serialized unsecured/JWS/JWE object: Missing part delimiters
2020-11-30 12:40:28.963+0000 INFO  [neo4j]: logged in
2020-11-30 12:40:34.085+0000 INFO  {plugin-com.neo4j.plugin.jwt.auth.JwtAuthPlugin} Log in attempted for user 'neo4j'.
2020-11-30 12:40:34.088+0000 ERROR {plugin-com.neo4j.plugin.jwt.auth.JwtAuthPlugin} Invalid serialized unsecured/JWS/JWE object: Missing part delimiters
2020-11-30 12:40:34.093+0000 INFO  [neo4j]: logged in
2020-11-30 12:40:34.109+0000 INFO  {plugin-com.neo4j.plugin.jwt.auth.JwtAuthPlugin} Log in attempted for user 'neo4j'.
2020-11-30 12:40:34.111+0000 ERROR {plugin-com.neo4j.plugin.jwt.auth.JwtAuthPlugin} Invalid serialized unsecured/JWS/JWE object: Missing part delimiters
2020-11-30 12:40:34.112+0000 INFO  [neo4j]: logged in
2020-11-30 12:40:34.118+0000 INFO  {plugin-com.neo4j.plugin.jwt.auth.JwtAuthPlugin} Log in attempted for user 'neo4j'.
2020-11-30 12:40:34.118+0000 ERROR {plugin-com.neo4j.plugin.jwt.auth.JwtAuthPlugin} Invalid serialized unsecured/JWS/JWE object: Missing part delimiters
2020-11-30 12:40:34.118+0000 INFO  [neo4j]: logged in
2020-11-30 12:40:34.338+0000 INFO  {plugin-com.neo4j.plugin.jwt.auth.JwtAuthPlugin} Log in attempted for user 'neo4j'.
2020-11-30 12:40:34.338+0000 ERROR {plugin-com.neo4j.plugin.jwt.auth.JwtAuthPlugin} Invalid serialized unsecured/JWS/JWE object: Missing part delimiters
2020-11-30 12:40:34.338+0000 INFO  [neo4j]: logged in
2020-11-30 12:40:34.338+0000 INFO  {plugin-com.neo4j.plugin.jwt.auth.JwtAuthPlugin} Log in attempted for user 'neo4j'.
2020-11-30 12:40:34.338+0000 ERROR {plugin-com.neo4j.plugin.jwt.auth.JwtAuthPlugin} Invalid serialized unsecured/JWS/JWE object: Missing part delimiters
2020-11-30 12:40:34.338+0000 INFO  [neo4j]: logged in
2020-11-30 13:27:46.782+0000 INFO  {plugin-com.neo4j.plugin.jwt.auth.JwtAuthPlugin} Log in attempted for user 'neo4j'.
2020-11-30 13:27:46.783+0000 ERROR {plugin-com.neo4j.plugin.jwt.auth.JwtAuthPlugin} Invalid serialized unsecured/JWS/JWE object: Missing part delimiters
2020-11-30 13:27:46.784+0000 INFO  [neo4j]: logged in
2020-11-30 13:32:09.121+0000 INFO  {plugin-com.neo4j.plugin.jwt.auth.JwtAuthPlugin} jwt.auth.private_key=certificates/security.key.pem
2020-11-30 13:32:24.354+0000 INFO  Performing postInitialization step for component 'security-users' with version 2 and status CURRENT
2020-11-30 13:32:24.354+0000 INFO  Updating the initial password in component 'security-users'  
2020-11-30 13:32:24.362+0000 INFO  Updating initial user password from `auth.ini` file: neo4j
2020-11-30 13:32:33.459+0000 INFO  {plugin-com.neo4j.plugin.jwt.auth.JwtAuthPlugin} Log in attempted for user 'neo4j'.
2020-11-30 13:32:33.459+0000 ERROR {plugin-com.neo4j.plugin.jwt.auth.JwtAuthPlugin} Invalid serialized unsecured/JWS/JWE object: Missing part delimiters
2020-11-30 13:32:33.475+0000 INFO  [neo4j]: logged in
2020-11-30 13:32:33.911+0000 INFO  {plugin-com.neo4j.plugin.jwt.auth.JwtAuthPlugin} Log in attempted for user 'neo4j'.
2020-11-30 13:32:33.911+0000 ERROR {plugin-com.neo4j.plugin.jwt.auth.JwtAuthPlugin} Invalid serialized unsecured/JWS/JWE object: Missing part delimiters
2020-11-30 13:32:33.911+0000 INFO  [neo4j]: logged in
2020-11-30 13:32:59.197+0000 INFO  {plugin-com.neo4j.plugin.jwt.auth.JwtAuthPlugin} Log in attempted for user 'neo4j'.
2020-11-30 13:32:59.213+0000 ERROR {plugin-com.neo4j.plugin.jwt.auth.JwtAuthPlugin} Invalid serialized unsecured/JWS/JWE object: Missing part delimiters
2020-11-30 13:32:59.213+0000 INFO  [neo4j]: logged in
2020-11-30 13:33:01.521+0000 INFO  {plugin-com.neo4j.plugin.jwt.auth.JwtAuthPlugin} Log in attempted for user 'neo4j'.
2020-11-30 13:33:01.523+0000 ERROR {plugin-com.neo4j.plugin.jwt.auth.JwtAuthPlugin} Invalid serialized unsecured/JWS/JWE object: Missing part delimiters
2020-11-30 13:33:01.525+0000 INFO  [neo4j]: logged in
2020-11-30 13:33:01.545+0000 INFO  {plugin-com.neo4j.plugin.jwt.auth.JwtAuthPlugin} Log in attempted for user 'neo4j'.
2020-11-30 13:33:01.546+0000 ERROR {plugin-com.neo4j.plugin.jwt.auth.JwtAuthPlugin} Invalid serialized unsecured/JWS/JWE object: Missing part delimiters
2020-11-30 13:33:01.548+0000 INFO  [neo4j]: logged in
2020-11-30 13:33:01.568+0000 INFO  {plugin-com.neo4j.plugin.jwt.auth.JwtAuthPlugin} Log in attempted for user 'neo4j'.
2020-11-30 13:33:01.585+0000 ERROR {plugin-com.neo4j.plugin.jwt.auth.JwtAuthPlugin} Invalid serialized unsecured/JWS/JWE object: Missing part delimiters
2020-11-30 13:33:01.585+0000 INFO  {plugin-com.neo4j.plugin.jwt.auth.JwtAuthPlugin} Log in attempted for user 'neo4j'.
2020-11-30 13:33:01.585+0000 ERROR {plugin-com.neo4j.plugin.jwt.auth.JwtAuthPlugin} Invalid serialized unsecured/JWS/JWE object: Missing part delimiters
2020-11-30 13:33:01.585+0000 INFO  [neo4j]: logged in
2020-11-30 13:33:01.585+0000 INFO  {plugin-com.neo4j.plugin.jwt.auth.JwtAuthPlugin} Log in attempted for user 'neo4j'.
2020-11-30 13:33:01.585+0000 ERROR {plugin-com.neo4j.plugin.jwt.auth.JwtAuthPlugin} Invalid serialized unsecured/JWS/JWE object: Missing part delimiters
2020-11-30 13:33:01.585+0000 INFO  [neo4j]: logged in
2020-11-30 13:33:01.612+0000 INFO  [neo4j]: logged in
2020-11-30 13:40:55.479+0000 INFO  {plugin-com.neo4j.plugin.jwt.auth.JwtAuthPlugin} Log in attempted for user 'neo4j'.
2020-11-30 13:40:55.480+0000 ERROR {plugin-com.neo4j.plugin.jwt.auth.JwtAuthPlugin} Invalid serialized unsecured/JWS/JWE object: Missing part delimiters
2020-11-30 13:40:55.480+0000 INFO  [neo4j]: logged in
